[1009/102017.248:ERROR:filesystem_win.cc(129)] GetFileAttributes C:\Users\Shivam Chauhan\AppData\Local\Google\Chrome\User Data\Crashpad\attachments\014df8f3-0a31-4876-9d68-c79a95177d02: The system cannot find the path specified. (0x3)
[1009/102017.311:ERROR:filesystem_win.cc(129)] GetFileAttributes C:\Users\Shivam Chauhan\AppData\Local\Google\Chrome\User Data\Crashpad\attachments\042b7449-56f5-48fb-87c2-7f7c299fcbbd: The system cannot find the path specified. (0x3)
[1009/102017.378:ERROR:filesystem_win.cc(129)] GetFileAttributes C:\Users\Shivam Chauhan\AppData\Local\Google\Chrome\User Data\Crashpad\attachments\052f413d-9b76-4328-bd53-6a26523be966: The system cannot find the path specified. (0x3)
[1009/102017.530:ERROR:filesystem_win.cc(129)] GetFileAttributes C:\Users\Shivam Chauhan\AppData\Local\Google\Chrome\User Data\Crashpad\attachments\07030176-91e2-43b0-8433-9236c4af2b49: The system cannot find the path specified. (0x3)
[1009/102017.792:ERROR:filesystem_win.cc(129)] GetFileAttributes C:\Users\Shivam Chauhan\AppData\Local\Google\Chrome\User Data\Crashpad\attachments\083abac2-5068-4d1e-a336-2b6f34fbb75b: The system cannot find the path specified. (0x3)
[1009/102017.908:ERROR:filesystem_win.cc(129)] GetFileAttributes C:\Users\Shivam Chauhan\AppData\Local\Google\Chrome\User Data\Crashpad\attachments\09f4d4fe-8988-4966-a503-7a2e39fe8b9b: The system cannot find the path specified. (0x3)
[1009/102017.941:ERROR:filesystem_win.cc(129)] GetFileAttributes C:\Users\Shivam Chauhan\AppData\Local\Google\Chrome\User Data\Crashpad\attachments\0adef0af-dfad-49ee-bb39-eaef8b2329ba: The system cannot find the path specified. (0x3)
[1009/102017.960:ERROR:filesystem_win.cc(129)] GetFileAttributes C:\Users\Shivam Chauhan\AppData\Local\Google\Chrome\User Data\Crashpad\attachments\0b27bf54-bcc1-4490-902c-95aaf65d38b1: The system cannot find the path specified. (0x3)
[1009/102018.099:ERROR:filesystem_win.cc(129)] GetFileAttributes C:\Users\Shivam Chauhan\AppData\Local\Google\Chrome\User Data\Crashpad\attachments\0c486924-0fe8-4418-8c2e-5b1b3795a0a0: The system cannot find the path specified. (0x3)
[1009/102018.111:ERROR:filesystem_win.cc(129)] GetFileAttributes C:\Users\Shivam Chauhan\AppData\Local\Google\Chrome\User Data\Crashpad\attachments\0cbdc557-1d19-454f-ba37-db660deca3d5: The system cannot find the path specified. (0x3)
[1009/102018.113:ERROR:filesystem_win.cc(129)] GetFileAttributes C:\Users\Shivam Chauhan\AppData\Local\Google\Chrome\User Data\Crashpad\attachments\0ef6a61a-5491-4327-971d-1b1d8756c5d3: The system cannot find the path specified. (0x3)
[1009/102018.140:ERROR:filesystem_win.cc(129)] GetFileAttributes C:\Users\Shivam Chauhan\AppData\Local\Google\Chrome\User Data\Crashpad\attachments\0f0c0eea-f525-4daf-b82b-858610451a50: The system cannot find the path specified. (0x3)
[1009/102018.259:ERROR:filesystem_win.cc(129)] GetFileAttributes C:\Users\Shivam Chauhan\AppData\Local\Google\Chrome\User Data\Crashpad\attachments\0fa67974-6985-45f1-a588-9814b9b9833b: The system cannot find the path specified. (0x3)
[1009/102018.425:ERROR:filesystem_win.cc(129)] GetFileAttributes C:\Users\Shivam Chauhan\AppData\Local\Google\Chrome\User Data\Crashpad\attachments\10544a7d-27a0-4e36-8c91-d6527fb5c533: The system cannot find the path specified. (0x3)
[1009/102018.458:ERROR:filesystem_win.cc(129)] GetFileAttributes C:\Users\Shivam Chauhan\AppData\Local\Google\Chrome\User Data\Crashpad\attachments\12fb5224-c811-4fa3-a443-792b498b16a2: The system cannot find the path specified. (0x3)
[1009/102018.462:ERROR:filesystem_win.cc(129)] GetFileAttributes C:\Users\Shivam Chauhan\AppData\Local\Google\Chrome\User Data\Crashpad\attachments\132455f8-0e99-4ce5-880f-92c98f765117: The system cannot find the path specified. (0x3)
[1009/102018.481:ERROR:filesystem_win.cc(129)] GetFileAttributes C:\Users\Shivam Chauhan\AppData\Local\Google\Chrome\User Data\Crashpad\attachments\1357018b-810a-4b61-8450-2d161b1c6db6: The system cannot find the path specified. (0x3)
[1009/102018.508:ERROR:filesystem_win.cc(129)] GetFileAttributes C:\Users\Shivam Chauhan\AppData\Local\Google\Chrome\User Data\Crashpad\attachments\136e5f06-a2ab-48de-9182-20de0fd86680: The system cannot find the path specified. (0x3)
[1009/102018.532:ERROR:filesystem_win.cc(129)] GetFileAttributes C:\Users\Shivam Chauhan\AppData\Local\Google\Chrome\User Data\Crashpad\attachments\180389cc-5a25-4598-a6f8-608534c9a308: The system cannot find the path specified. (0x3)
[1009/102018.548:ERROR:filesystem_win.cc(129)] GetFileAttributes C:\Users\Shivam Chauhan\AppData\Local\Google\Chrome\User Data\Crashpad\attachments\18c1e424-66cc-468a-95e3-421e0c334583: The system cannot find the path specified. (0x3)
[1009/102018.631:ERROR:filesystem_win.cc(129)] GetFileAttributes C:\Users\Shivam Chauhan\AppData\Local\Google\Chrome\User Data\Crashpad\attachments\1b801632-3c30-4a3f-87ee-861e5f1cdf71: The system cannot find the path specified. (0x3)
[1009/102018.669:ERROR:filesystem_win.cc(129)] GetFileAttributes C:\Users\Shivam Chauhan\AppData\Local\Google\Chrome\User Data\Crashpad\attachments\1c71fbdb-ca16-43ec-9d92-7f9c7519403e: The system cannot find the path specified. (0x3)
[1009/102018.763:ERROR:filesystem_win.cc(129)] GetFileAttributes C:\Users\Shivam Chauhan\AppData\Local\Google\Chrome\User Data\Crashpad\attachments\1e3ca642-8719-4cac-b687-aaf127ca916d: The system cannot find the path specified. (0x3)
[1009/102018.853:ERROR:filesystem_win.cc(129)] GetFileAttributes C:\Users\Shivam Chauhan\AppData\Local\Google\Chrome\User Data\Crashpad\attachments\1e4091bb-4fff-4bd2-8995-bdc7176e8440: The system cannot find the path specified. (0x3)
[1009/102018.856:ERROR:filesystem_win.cc(129)] GetFileAttributes C:\Users\Shivam Chauhan\AppData\Local\Google\Chrome\User Data\Crashpad\attachments\1f09f1a1-b012-4610-ac9c-aa1e8150e286: The system cannot find the path specified. (0x3)
[1009/102018.900:ERROR:filesystem_win.cc(129)] GetFileAttributes C:\Users\Shivam Chauhan\AppData\Local\Google\Chrome\User Data\Crashpad\attachments\1f1eb2c5-069f-49d6-8d42-a77df5f3a67e: The system cannot find the path specified. (0x3)
[1009/102018.938:ERROR:filesystem_win.cc(129)] GetFileAttributes C:\Users\Shivam Chauhan\AppData\Local\Google\Chrome\User Data\Crashpad\attachments\242e58a6-876c-440c-b58f-b53100899318: The system cannot find the path specified. (0x3)
[1009/102018.994:ERROR:filesystem_win.cc(129)] GetFileAttributes C:\Users\Shivam Chauhan\AppData\Local\Google\Chrome\User Data\Crashpad\attachments\25ad3fce-13cb-4e71-84ba-aef1302dbfde: The system cannot find the path specified. (0x3)
[1009/102019.015:ERROR:filesystem_win.cc(129)] GetFileAttributes C:\Users\Shivam Chauhan\AppData\Local\Google\Chrome\User Data\Crashpad\attachments\2748a5fb-9730-4144-a2c7-fa8314242023: The system cannot find the path specified. (0x3)
[1009/102019.051:ERROR:filesystem_win.cc(129)] GetFileAttributes C:\Users\Shivam Chauhan\AppData\Local\Google\Chrome\User Data\Crashpad\attachments\276c77cf-b2e3-49db-81a8-24425cfb48e5: The system cannot find the path specified. (0x3)
[1009/102019.052:ERROR:filesystem_win.cc(129)] GetFileAttributes C:\Users\Shivam Chauhan\AppData\Local\Google\Chrome\User Data\Crashpad\attachments\2892b04d-90e7-481f-828d-99d4f0bf4ec4: The system cannot find the path specified. (0x3)
[1009/102019.074:ERROR:filesystem_win.cc(129)] GetFileAttributes C:\Users\Shivam Chauhan\AppData\Local\Google\Chrome\User Data\Crashpad\attachments\28e20d42-46c9-4b64-9950-b42d3a728b6f: The system cannot find the path specified. (0x3)
[1009/102019.082:ERROR:filesystem_win.cc(129)] GetFileAttributes C:\Users\Shivam Chauhan\AppData\Local\Google\Chrome\User Data\Crashpad\attachments\2de25c48-610f-4736-905a-413925d3920b: The system cannot find the path specified. (0x3)
[1009/102019.084:ERROR:filesystem_win.cc(129)] GetFileAttributes C:\Users\Shivam Chauhan\AppData\Local\Google\Chrome\User Data\Crashpad\attachments\2e72afa2-44f7-4d13-9d49-44eb0fb86ece: The system cannot find the path specified. (0x3)
[1009/102019.127:ERROR:filesystem_win.cc(129)] GetFileAttributes C:\Users\Shivam Chauhan\AppData\Local\Google\Chrome\User Data\Crashpad\attachments\2f36ccb8-6fe9-4499-b94a-f93762581038: The system cannot find the path specified. (0x3)
[1009/102019.136:ERROR:filesystem_win.cc(129)] GetFileAttributes C:\Users\Shivam Chauhan\AppData\Local\Google\Chrome\User Data\Crashpad\attachments\312c097c-41a5-4809-ae6d-1a30f2d72b08: The system cannot find the path specified. (0x3)
[1009/102019.162:ERROR:filesystem_win.cc(129)] GetFileAttributes C:\Users\Shivam Chauhan\AppData\Local\Google\Chrome\User Data\Crashpad\attachments\31c8434e-5566-4292-baf3-24bb112fd342: The system cannot find the path specified. (0x3)
[1009/102019.191:ERROR:filesystem_win.cc(129)] GetFileAttributes C:\Users\Shivam Chauhan\AppData\Local\Google\Chrome\User Data\Crashpad\attachments\31f6b846-c537-443a-adff-0f8cb33f5086: The system cannot find the path specified. (0x3)
[1009/102019.394:ERROR:filesystem_win.cc(129)] GetFileAttributes C:\Users\Shivam Chauhan\AppData\Local\Google\Chrome\User Data\Crashpad\attachments\34ec30e0-2aaa-4d95-8649-8e2efbc4bb1b: The system cannot find the path specified. (0x3)
[1009/102019.396:ERROR:filesystem_win.cc(129)] GetFileAttributes C:\Users\Shivam Chauhan\AppData\Local\Google\Chrome\User Data\Crashpad\attachments\35d74054-6559-44a1-862b-72c07391d856: The system cannot find the path specified. (0x3)
[1009/102019.398:ERROR:filesystem_win.cc(129)] GetFileAttributes C:\Users\Shivam Chauhan\AppData\Local\Google\Chrome\User Data\Crashpad\attachments\377eed66-c075-4e60-b8db-2577b302d87b: The system cannot find the path specified. (0x3)
[1009/102019.647:ERROR:filesystem_win.cc(129)] GetFileAttributes C:\Users\Shivam Chauhan\AppData\Local\Google\Chrome\User Data\Crashpad\attachments\37ce7ad4-7636-4ad5-a1bd-c45802e63def: The system cannot find the path specified. (0x3)
[1009/102019.692:ERROR:filesystem_win.cc(129)] GetFileAttributes C:\Users\Shivam Chauhan\AppData\Local\Google\Chrome\User Data\Crashpad\attachments\3aba5cd3-e643-4e4f-ad72-1548ec9cd181: The system cannot find the path specified. (0x3)
[1009/102019.761:ERROR:filesystem_win.cc(129)] GetFileAttributes C:\Users\Shivam Chauhan\AppData\Local\Google\Chrome\User Data\Crashpad\attachments\3d0688cf-0f8f-4240-85a5-010c7e801bfa: The system cannot find the path specified. (0x3)
[1009/102019.892:ERROR:filesystem_win.cc(129)] GetFileAttributes C:\Users\Shivam Chauhan\AppData\Local\Google\Chrome\User Data\Crashpad\attachments\3ecbd6d1-01f4-4ad7-be68-606523c32cd6: The system cannot find the path specified. (0x3)
[1009/102019.896:ERROR:filesystem_win.cc(129)] GetFileAttributes C:\Users\Shivam Chauhan\AppData\Local\Google\Chrome\User Data\Crashpad\attachments\41b8322d-b8c3-40d1-ba50-6b41c69de8fe: The system cannot find the path specified. (0x3)
[1009/102019.914:ERROR:filesystem_win.cc(129)] GetFileAttributes C:\Users\Shivam Chauhan\AppData\Local\Google\Chrome\User Data\Crashpad\attachments\4295aebd-a8fb-4b84-a7c0-2df24b72c57c: The system cannot find the path specified. (0x3)
[1009/102019.916:ERROR:filesystem_win.cc(129)] GetFileAttributes C:\Users\Shivam Chauhan\AppData\Local\Google\Chrome\User Data\Crashpad\attachments\43aee78f-17ff-47ce-abb2-f6c3cefd9973: The system cannot find the path specified. (0x3)
[1009/102019.917:ERROR:filesystem_win.cc(129)] GetFileAttributes C:\Users\Shivam Chauhan\AppData\Local\Google\Chrome\User Data\Crashpad\attachments\44242f89-722a-4e4b-a457-2a4f4e3673c5: The system cannot find the path specified. (0x3)
[1009/102019.951:ERROR:filesystem_win.cc(129)] GetFileAttributes C:\Users\Shivam Chauhan\AppData\Local\Google\Chrome\User Data\Crashpad\attachments\4590eec4-fe96-4305-be84-aae4617c74a3: The system cannot find the path specified. (0x3)
[1009/102019.976:ERROR:filesystem_win.cc(129)] GetFileAttributes C:\Users\Shivam Chauhan\AppData\Local\Google\Chrome\User Data\Crashpad\attachments\45c22fb7-1e00-4feb-a238-ec8e095c53da: The system cannot find the path specified. (0x3)
[1009/102019.997:ERROR:filesystem_win.cc(129)] GetFileAttributes C:\Users\Shivam Chauhan\AppData\Local\Google\Chrome\User Data\Crashpad\attachments\471272cb-dac8-471d-8bb9-54bdae3c16b9: The system cannot find the path specified. (0x3)
[1009/102019.998:ERROR:filesystem_win.cc(129)] GetFileAttributes C:\Users\Shivam Chauhan\AppData\Local\Google\Chrome\User Data\Crashpad\attachments\4b2d9ccf-e878-49e5-8725-b77fa80b8182: The system cannot find the path specified. (0x3)
[1009/102019.998:ERROR:filesystem_win.cc(129)] GetFileAttributes C:\Users\Shivam Chauhan\AppData\Local\Google\Chrome\User Data\Crashpad\attachments\4bf5af8d-567b-4f0f-ac8c-dafeb109cc74: The system cannot find the path specified. (0x3)
[1009/102020.040:ERROR:filesystem_win.cc(129)] GetFileAttributes C:\Users\Shivam Chauhan\AppData\Local\Google\Chrome\User Data\Crashpad\attachments\4f1727c2-e969-4b7a-92c4-68523b93249e: The system cannot find the path specified. (0x3)
[1009/102020.067:ERROR:filesystem_win.cc(129)] GetFileAttributes C:\Users\Shivam Chauhan\AppData\Local\Google\Chrome\User Data\Crashpad\attachments\50838dbd-bdbd-4e29-b759-25a1a05b9774: The system cannot find the path specified. (0x3)
[1009/102020.082:ERROR:filesystem_win.cc(129)] GetFileAttributes C:\Users\Shivam Chauhan\AppData\Local\Google\Chrome\User Data\Crashpad\attachments\51700fbb-015c-447c-a14d-6acc3c29074b: The system cannot find the path specified. (0x3)
[1009/102020.106:ERROR:filesystem_win.cc(129)] GetFileAttributes C:\Users\Shivam Chauhan\AppData\Local\Google\Chrome\User Data\Crashpad\attachments\53cb5312-9bae-460e-8158-1fbcdfe8be6e: The system cannot find the path specified. (0x3)
[1009/102020.146:ERROR:filesystem_win.cc(129)] GetFileAttributes C:\Users\Shivam Chauhan\AppData\Local\Google\Chrome\User Data\Crashpad\attachments\54544d79-d06a-48c7-8932-92a08e4ba656: The system cannot find the path specified. (0x3)
[1009/102020.191:ERROR:filesystem_win.cc(129)] GetFileAttributes C:\Users\Shivam Chauhan\AppData\Local\Google\Chrome\User Data\Crashpad\attachments\55173480-a198-425f-8b87-0cae79e6d948: The system cannot find the path specified. (0x3)
[1009/102020.221:ERROR:filesystem_win.cc(129)] GetFileAttributes C:\Users\Shivam Chauhan\AppData\Local\Google\Chrome\User Data\Crashpad\attachments\5606c4b0-e849-42ab-b023-3baa94a363cf: The system cannot find the path specified. (0x3)
[1009/102020.253:ERROR:filesystem_win.cc(129)] GetFileAttributes C:\Users\Shivam Chauhan\AppData\Local\Google\Chrome\User Data\Crashpad\attachments\57f0938c-1891-4556-8ff7-645e6888885f: The system cannot find the path specified. (0x3)
[1009/102020.293:ERROR:filesystem_win.cc(129)] GetFileAttributes C:\Users\Shivam Chauhan\AppData\Local\Google\Chrome\User Data\Crashpad\attachments\5846da57-6d0f-43c7-bc0c-ab3796658497: The system cannot find the path specified. (0x3)
[1009/102020.456:ERROR:filesystem_win.cc(129)] GetFileAttributes C:\Users\Shivam Chauhan\AppData\Local\Google\Chrome\User Data\Crashpad\attachments\58fb7208-55a9-48af-b9e6-7ad96d26fee1: The system cannot find the path specified. (0x3)
[1009/102020.458:ERROR:filesystem_win.cc(129)] GetFileAttributes C:\Users\Shivam Chauhan\AppData\Local\Google\Chrome\User Data\Crashpad\attachments\5a1bfbec-9980-4cb6-8c41-7a82b01a13b2: The system cannot find the path specified. (0x3)
[1009/102020.462:ERROR:filesystem_win.cc(129)] GetFileAttributes C:\Users\Shivam Chauhan\AppData\Local\Google\Chrome\User Data\Crashpad\attachments\5a87d821-f67d-4edb-9d44-ff7cb619d6fd: The system cannot find the path specified. (0x3)
[1009/102020.464:ERROR:filesystem_win.cc(129)] GetFileAttributes C:\Users\Shivam Chauhan\AppData\Local\Google\Chrome\User Data\Crashpad\attachments\5b2a5516-9e75-41dc-ad4d-671a9738c61f: The system cannot find the path specified. (0x3)
[1009/102020.494:ERROR:filesystem_win.cc(129)] GetFileAttributes C:\Users\Shivam Chauhan\AppData\Local\Google\Chrome\User Data\Crashpad\attachments\5b9ddf21-76c7-4e3a-92d3-d6f7c8846092: The system cannot find the path specified. (0x3)
[1009/102020.559:ERROR:filesystem_win.cc(129)] GetFileAttributes C:\Users\Shivam Chauhan\AppData\Local\Google\Chrome\User Data\Crashpad\attachments\5f297375-6e4b-49d9-97d0-a965b7408ba0: The system cannot find the path specified. (0x3)
[1009/102020.561:ERROR:filesystem_win.cc(129)] GetFileAttributes C:\Users\Shivam Chauhan\AppData\Local\Google\Chrome\User Data\Crashpad\attachments\5f3a273b-9732-4f97-b4e5-7ca39517ca83: The system cannot find the path specified. (0x3)
[1009/102020.581:ERROR:filesystem_win.cc(129)] GetFileAttributes C:\Users\Shivam Chauhan\AppData\Local\Google\Chrome\User Data\Crashpad\attachments\604741da-f68c-45a6-a8e5-66932e838cfb: The system cannot find the path specified. (0x3)
[1009/102020.617:ERROR:filesystem_win.cc(129)] GetFileAttributes C:\Users\Shivam Chauhan\AppData\Local\Google\Chrome\User Data\Crashpad\attachments\6185e002-482f-4fed-bd23-d9bc1a8d1ecf: The system cannot find the path specified. (0x3)
[1009/102020.622:ERROR:filesystem_win.cc(129)] GetFileAttributes C:\Users\Shivam Chauhan\AppData\Local\Google\Chrome\User Data\Crashpad\attachments\68553596-0435-45fa-9b96-7c2c87fcc55f: The system cannot find the path specified. (0x3)
[1009/102020.647:ERROR:filesystem_win.cc(129)] GetFileAttributes C:\Users\Shivam Chauhan\AppData\Local\Google\Chrome\User Data\Crashpad\attachments\6f1f614b-59ad-4e48-9e4d-8122da0f15ba: The system cannot find the path specified. (0x3)
[1009/102020.688:ERROR:filesystem_win.cc(129)] GetFileAttributes C:\Users\Shivam Chauhan\AppData\Local\Google\Chrome\User Data\Crashpad\attachments\709c23fa-55ac-4cd6-9b3b-593b5b069ebb: The system cannot find the path specified. (0x3)
[1009/102020.724:ERROR:filesystem_win.cc(129)] GetFileAttributes C:\Users\Shivam Chauhan\AppData\Local\Google\Chrome\User Data\Crashpad\attachments\72be4600-afb3-45f3-9c0a-cdcc19ee7d9d: The system cannot find the path specified. (0x3)
[1009/102020.793:ERROR:filesystem_win.cc(129)] GetFileAttributes C:\Users\Shivam Chauhan\AppData\Local\Google\Chrome\User Data\Crashpad\attachments\73b794a7-bb92-4850-bd9e-893cb917b68a: The system cannot find the path specified. (0x3)
[1009/102020.804:ERROR:filesystem_win.cc(129)] GetFileAttributes C:\Users\Shivam Chauhan\AppData\Local\Google\Chrome\User Data\Crashpad\attachments\73c317ff-5a9e-415f-9e51-8ae046f4b29d: The system cannot find the path specified. (0x3)
[1009/102020.807:ERROR:filesystem_win.cc(129)] GetFileAttributes C:\Users\Shivam Chauhan\AppData\Local\Google\Chrome\User Data\Crashpad\attachments\765ffc89-4c12-454e-a7c3-6397b23ddefe: The system cannot find the path specified. (0x3)
[1009/102020.811:ERROR:filesystem_win.cc(129)] GetFileAttributes C:\Users\Shivam Chauhan\AppData\Local\Google\Chrome\User Data\Crashpad\attachments\76736a32-6465-419d-a7c5-6a17af84fedf: The system cannot find the path specified. (0x3)
[1009/102020.845:ERROR:filesystem_win.cc(129)] GetFileAttributes C:\Users\Shivam Chauhan\AppData\Local\Google\Chrome\User Data\Crashpad\attachments\788e4530-6183-41a6-9f10-264928c07c5b: The system cannot find the path specified. (0x3)
[1009/102020.857:ERROR:filesystem_win.cc(129)] GetFileAttributes C:\Users\Shivam Chauhan\AppData\Local\Google\Chrome\User Data\Crashpad\attachments\79283452-cdf0-4f30-937f-26fdae443ff8: The system cannot find the path specified. (0x3)
[1009/102020.890:ERROR:filesystem_win.cc(129)] GetFileAttributes C:\Users\Shivam Chauhan\AppData\Local\Google\Chrome\User Data\Crashpad\attachments\7973d44a-42b0-4344-b144-51b79b02118f: The system cannot find the path specified. (0x3)
[1009/102020.897:ERROR:filesystem_win.cc(129)] GetFileAttributes C:\Users\Shivam Chauhan\AppData\Local\Google\Chrome\User Data\Crashpad\attachments\7fb623eb-c21d-46f6-b58d-deaf2059b64d: The system cannot find the path specified. (0x3)
[1009/102020.932:ERROR:filesystem_win.cc(129)] GetFileAttributes C:\Users\Shivam Chauhan\AppData\Local\Google\Chrome\User Data\Crashpad\attachments\7fd7bed6-382d-4c93-8798-d9d84561d554: The system cannot find the path specified. (0x3)
[1009/102020.941:ERROR:filesystem_win.cc(129)] GetFileAttributes C:\Users\Shivam Chauhan\AppData\Local\Google\Chrome\User Data\Crashpad\attachments\83fd6c76-321d-4272-8a76-435817d1ec57: The system cannot find the path specified. (0x3)
[1009/102020.943:ERROR:filesystem_win.cc(129)] GetFileAttributes C:\Users\Shivam Chauhan\AppData\Local\Google\Chrome\User Data\Crashpad\attachments\8434f799-5505-4e65-92de-1d82f10af601: The system cannot find the path specified. (0x3)
[1009/102020.945:ERROR:filesystem_win.cc(129)] GetFileAttributes C:\Users\Shivam Chauhan\AppData\Local\Google\Chrome\User Data\Crashpad\attachments\849a8fd6-a135-4afa-8a27-62eb83057e4c: The system cannot find the path specified. (0x3)
[1009/102020.956:ERROR:filesystem_win.cc(129)] GetFileAttributes C:\Users\Shivam Chauhan\AppData\Local\Google\Chrome\User Data\Crashpad\attachments\858e5e7e-8127-481f-be4b-dc1bad73f9a4: The system cannot find the path specified. (0x3)
[1009/102020.983:ERROR:filesystem_win.cc(129)] GetFileAttributes C:\Users\Shivam Chauhan\AppData\Local\Google\Chrome\User Data\Crashpad\attachments\86159788-27ba-4846-a7a1-a8928b13edc7: The system cannot find the path specified. (0x3)
[1009/102021.034:ERROR:filesystem_win.cc(129)] GetFileAttributes C:\Users\Shivam Chauhan\AppData\Local\Google\Chrome\User Data\Crashpad\attachments\862f22cc-ac61-4faa-87ee-40f39d8b7d72: The system cannot find the path specified. (0x3)
[1009/102021.039:ERROR:filesystem_win.cc(129)] GetFileAttributes C:\Users\Shivam Chauhan\AppData\Local\Google\Chrome\User Data\Crashpad\attachments\86671d08-13a7-422d-8010-21563d31a112: The system cannot find the path specified. (0x3)
[1009/102021.074:ERROR:filesystem_win.cc(129)] GetFileAttributes C:\Users\Shivam Chauhan\AppData\Local\Google\Chrome\User Data\Crashpad\attachments\87e499f2-3667-4ce5-926a-7198b6cd44e6: The system cannot find the path specified. (0x3)
[1009/102021.092:ERROR:filesystem_win.cc(129)] GetFileAttributes C:\Users\Shivam Chauhan\AppData\Local\Google\Chrome\User Data\Crashpad\attachments\88804514-da8c-46af-9010-71b00bc6aa3e: The system cannot find the path specified. (0x3)
[1009/102021.114:ERROR:filesystem_win.cc(129)] GetFileAttributes C:\Users\Shivam Chauhan\AppData\Local\Google\Chrome\User Data\Crashpad\attachments\8887f4d4-81aa-462a-b1d7-8c7f842c6af1: The system cannot find the path specified. (0x3)
[1009/102021.116:ERROR:filesystem_win.cc(129)] GetFileAttributes C:\Users\Shivam Chauhan\AppData\Local\Google\Chrome\User Data\Crashpad\attachments\89f71a8f-fe6d-4f8f-bbd2-a08957fffddd: The system cannot find the path specified. (0x3)
[1009/102021.123:ERROR:filesystem_win.cc(129)] GetFileAttributes C:\Users\Shivam Chauhan\AppData\Local\Google\Chrome\User Data\Crashpad\attachments\8a2fda28-3a6e-41a2-bd8e-c4563606871c: The system cannot find the path specified. (0x3)
[1009/102021.124:ERROR:filesystem_win.cc(129)] GetFileAttributes C:\Users\Shivam Chauhan\AppData\Local\Google\Chrome\User Data\Crashpad\attachments\8dbac922-be6b-459f-9ebb-801737a13cbf: The system cannot find the path specified. (0x3)
[1009/102021.126:ERROR:filesystem_win.cc(129)] GetFileAttributes C:\Users\Shivam Chauhan\AppData\Local\Google\Chrome\User Data\Crashpad\attachments\8e7b482d-1889-4635-872f-ce9721377543: The system cannot find the path specified. (0x3)
[1009/102021.150:ERROR:filesystem_win.cc(129)] GetFileAttributes C:\Users\Shivam Chauhan\AppData\Local\Google\Chrome\User Data\Crashpad\attachments\9439fdbc-6de5-4e32-b58e-02b08e1955d2: The system cannot find the path specified. (0x3)
[1009/102021.155:ERROR:filesystem_win.cc(129)] GetFileAttributes C:\Users\Shivam Chauhan\AppData\Local\Google\Chrome\User Data\Crashpad\attachments\95a5ca0b-476b-4780-92c5-1c991c27b471: The system cannot find the path specified. (0x3)
[1009/102021.189:ERROR:filesystem_win.cc(129)] GetFileAttributes C:\Users\Shivam Chauhan\AppData\Local\Google\Chrome\User Data\Crashpad\attachments\95c5f9b4-30c9-44be-bc1f-97a6b4bbe5c9: The system cannot find the path specified. (0x3)
[1009/102021.206:ERROR:filesystem_win.cc(129)] GetFileAttributes C:\Users\Shivam Chauhan\AppData\Local\Google\Chrome\User Data\Crashpad\attachments\9da8408b-7e7a-472e-b244-e38cfcf16702: The system cannot find the path specified. (0x3)
[1009/102021.225:ERROR:filesystem_win.cc(129)] GetFileAttributes C:\Users\Shivam Chauhan\AppData\Local\Google\Chrome\User Data\Crashpad\attachments\a03ec625-16b3-42ec-80d6-4877533551e4: The system cannot find the path specified. (0x3)
[1009/102021.256:ERROR:filesystem_win.cc(129)] GetFileAttributes C:\Users\Shivam Chauhan\AppData\Local\Google\Chrome\User Data\Crashpad\attachments\a09e439e-5fe7-4b89-9516-409050d22699: The system cannot find the path specified. (0x3)
[1009/102021.275:ERROR:filesystem_win.cc(129)] GetFileAttributes C:\Users\Shivam Chauhan\AppData\Local\Google\Chrome\User Data\Crashpad\attachments\a1e79f84-b768-48b8-b1d4-db30a92e80e5: The system cannot find the path specified. (0x3)
[1009/102021.297:ERROR:filesystem_win.cc(129)] GetFileAttributes C:\Users\Shivam Chauhan\AppData\Local\Google\Chrome\User Data\Crashpad\attachments\a25f0d24-66bb-43fc-9e80-de8a860d5e62: The system cannot find the path specified. (0x3)
[1009/102021.316:ERROR:filesystem_win.cc(129)] GetFileAttributes C:\Users\Shivam Chauhan\AppData\Local\Google\Chrome\User Data\Crashpad\attachments\a5bf5c50-4fcf-4629-a4cb-51c72f6dc34f: The system cannot find the path specified. (0x3)
[1009/102021.320:ERROR:filesystem_win.cc(129)] GetFileAttributes C:\Users\Shivam Chauhan\AppData\Local\Google\Chrome\User Data\Crashpad\attachments\a85e674f-21d3-4d26-8f46-87dcfa02f2f3: The system cannot find the path specified. (0x3)
[1009/102021.357:ERROR:filesystem_win.cc(129)] GetFileAttributes C:\Users\Shivam Chauhan\AppData\Local\Google\Chrome\User Data\Crashpad\attachments\aa87fade-86ac-4535-8643-4d3023c53146: The system cannot find the path specified. (0x3)
[1009/102021.370:ERROR:filesystem_win.cc(129)] GetFileAttributes C:\Users\Shivam Chauhan\AppData\Local\Google\Chrome\User Data\Crashpad\attachments\aafc5cda-c573-4744-bec0-7b6c032e42d5: The system cannot find the path specified. (0x3)
[1009/102021.398:ERROR:filesystem_win.cc(129)] GetFileAttributes C:\Users\Shivam Chauhan\AppData\Local\Google\Chrome\User Data\Crashpad\attachments\add277e2-fc72-434f-85ec-dc96f45f1eea: The system cannot find the path specified. (0x3)
[1009/102021.422:ERROR:filesystem_win.cc(129)] GetFileAttributes C:\Users\Shivam Chauhan\AppData\Local\Google\Chrome\User Data\Crashpad\attachments\b06b23ec-9ec8-4d09-bf6f-4ab7d192c98d: The system cannot find the path specified. (0x3)
[1009/102021.430:ERROR:filesystem_win.cc(129)] GetFileAttributes C:\Users\Shivam Chauhan\AppData\Local\Google\Chrome\User Data\Crashpad\attachments\b0b5df6f-393c-48f3-84c2-c93e72b726ba: The system cannot find the path specified. (0x3)
[1009/102021.455:ERROR:filesystem_win.cc(129)] GetFileAttributes C:\Users\Shivam Chauhan\AppData\Local\Google\Chrome\User Data\Crashpad\attachments\b2565413-00b2-4ebf-a6ac-1102dd3b64f2: The system cannot find the path specified. (0x3)
[1009/102021.459:ERROR:filesystem_win.cc(129)] GetFileAttributes C:\Users\Shivam Chauhan\AppData\Local\Google\Chrome\User Data\Crashpad\attachments\b50c5fa1-35de-4ffe-8dc1-8355f057a5dc: The system cannot find the path specified. (0x3)
[1009/102021.471:ERROR:filesystem_win.cc(129)] GetFileAttributes C:\Users\Shivam Chauhan\AppData\Local\Google\Chrome\User Data\Crashpad\attachments\b717fc9e-d8ad-4864-8a78-8e985ed5c682: The system cannot find the path specified. (0x3)
[1009/102021.508:ERROR:filesystem_win.cc(129)] GetFileAttributes C:\Users\Shivam Chauhan\AppData\Local\Google\Chrome\User Data\Crashpad\attachments\b8e02380-09e3-4a93-abc8-0d8099b77d1a: The system cannot find the path specified. (0x3)
[1009/102021.552:ERROR:filesystem_win.cc(129)] GetFileAttributes C:\Users\Shivam Chauhan\AppData\Local\Google\Chrome\User Data\Crashpad\attachments\ba8dbcf6-c06e-4af2-99b0-40832ceda907: The system cannot find the path specified. (0x3)
[1009/102021.574:ERROR:filesystem_win.cc(129)] GetFileAttributes C:\Users\Shivam Chauhan\AppData\Local\Google\Chrome\User Data\Crashpad\attachments\bc7397db-08ed-4df3-b19d-a3e72ebafec0: The system cannot find the path specified. (0x3)
[1009/102021.589:ERROR:filesystem_win.cc(129)] GetFileAttributes C:\Users\Shivam Chauhan\AppData\Local\Google\Chrome\User Data\Crashpad\attachments\bfcde9cd-0ebc-4644-99ca-38b03dd3511b: The system cannot find the path specified. (0x3)
[1009/102021.619:ERROR:filesystem_win.cc(129)] GetFileAttributes C:\Users\Shivam Chauhan\AppData\Local\Google\Chrome\User Data\Crashpad\attachments\c1acbdd8-e92f-4148-8a40-6af14e4a4626: The system cannot find the path specified. (0x3)
[1009/102021.640:ERROR:filesystem_win.cc(129)] GetFileAttributes C:\Users\Shivam Chauhan\AppData\Local\Google\Chrome\User Data\Crashpad\attachments\c4fd9f75-d8aa-4867-a141-e90fdd5d91a9: The system cannot find the path specified. (0x3)
[1009/102021.663:ERROR:filesystem_win.cc(129)] GetFileAttributes C:\Users\Shivam Chauhan\AppData\Local\Google\Chrome\User Data\Crashpad\attachments\c619f545-b54b-4d1d-b432-f88c014dba2b: The system cannot find the path specified. (0x3)
[1009/102021.678:ERROR:filesystem_win.cc(129)] GetFileAttributes C:\Users\Shivam Chauhan\AppData\Local\Google\Chrome\User Data\Crashpad\attachments\c79e0a01-663b-49e2-b35a-c184db214459: The system cannot find the path specified. (0x3)
[1009/102021.701:ERROR:filesystem_win.cc(129)] GetFileAttributes C:\Users\Shivam Chauhan\AppData\Local\Google\Chrome\User Data\Crashpad\attachments\c7f896ca-db29-46e8-9bca-468a891f6e54: The system cannot find the path specified. (0x3)
[1009/102021.703:ERROR:filesystem_win.cc(129)] GetFileAttributes C:\Users\Shivam Chauhan\AppData\Local\Google\Chrome\User Data\Crashpad\attachments\c8c750e3-a4d1-4607-b8c5-54bd2d95785b: The system cannot find the path specified. (0x3)
[1009/102021.730:ERROR:filesystem_win.cc(129)] GetFileAttributes C:\Users\Shivam Chauhan\AppData\Local\Google\Chrome\User Data\Crashpad\attachments\cb20227d-22b5-46e6-8cc7-17ec0be1a3bd: The system cannot find the path specified. (0x3)
[1009/102021.747:ERROR:filesystem_win.cc(129)] GetFileAttributes C:\Users\Shivam Chauhan\AppData\Local\Google\Chrome\User Data\Crashpad\attachments\d0fd0178-cd09-4ef4-b670-48d046da4820: The system cannot find the path specified. (0x3)
[1009/102021.766:ERROR:filesystem_win.cc(129)] GetFileAttributes C:\Users\Shivam Chauhan\AppData\Local\Google\Chrome\User Data\Crashpad\attachments\d1b5caa7-9176-4a02-9fb3-e18d2cb7c157: The system cannot find the path specified. (0x3)
[1009/102021.786:ERROR:filesystem_win.cc(129)] GetFileAttributes C:\Users\Shivam Chauhan\AppData\Local\Google\Chrome\User Data\Crashpad\attachments\d390157b-29e1-41f9-91cf-fa052a519fd5: The system cannot find the path specified. (0x3)
[1009/102021.788:ERROR:filesystem_win.cc(129)] GetFileAttributes C:\Users\Shivam Chauhan\AppData\Local\Google\Chrome\User Data\Crashpad\attachments\d54a1ecc-b2a4-450d-a06c-dd5a8a4470e2: The system cannot find the path specified. (0x3)
[1009/102021.812:ERROR:filesystem_win.cc(129)] GetFileAttributes C:\Users\Shivam Chauhan\AppData\Local\Google\Chrome\User Data\Crashpad\attachments\d86d23cc-39a2-4b6e-a310-02c5de8c3bfa: The system cannot find the path specified. (0x3)
[1009/102021.814:ERROR:filesystem_win.cc(129)] GetFileAttributes C:\Users\Shivam Chauhan\AppData\Local\Google\Chrome\User Data\Crashpad\attachments\d96b34bd-0d5b-42b6-892f-51256c975e68: The system cannot find the path specified. (0x3)
[1009/102021.841:ERROR:filesystem_win.cc(129)] GetFileAttributes C:\Users\Shivam Chauhan\AppData\Local\Google\Chrome\User Data\Crashpad\attachments\dac86c0d-f26e-48f6-879e-d669575380ba: The system cannot find the path specified. (0x3)
[1009/102021.908:ERROR:filesystem_win.cc(129)] GetFileAttributes C:\Users\Shivam Chauhan\AppData\Local\Google\Chrome\User Data\Crashpad\attachments\dbae7d48-3b0d-47ce-8f31-6b2a4f64d0c4: The system cannot find the path specified. (0x3)
[1009/102021.941:ERROR:filesystem_win.cc(129)] GetFileAttributes C:\Users\Shivam Chauhan\AppData\Local\Google\Chrome\User Data\Crashpad\attachments\de532ead-d86b-41a7-98da-b862c4457849: The system cannot find the path specified. (0x3)
[1009/102022.021:ERROR:filesystem_win.cc(129)] GetFileAttributes C:\Users\Shivam Chauhan\AppData\Local\Google\Chrome\User Data\Crashpad\attachments\e11a0528-5cf3-44cf-b3dc-acb508ad3670: The system cannot find the path specified. (0x3)
[1009/102022.058:ERROR:filesystem_win.cc(129)] GetFileAttributes C:\Users\Shivam Chauhan\AppData\Local\Google\Chrome\User Data\Crashpad\attachments\e1fcd055-0855-4857-bc39-6776d44ef7eb: The system cannot find the path specified. (0x3)
[1009/102022.075:ERROR:filesystem_win.cc(129)] GetFileAttributes C:\Users\Shivam Chauhan\AppData\Local\Google\Chrome\User Data\Crashpad\attachments\e3bc2230-926e-42f0-8c17-067f487a60ba: The system cannot find the path specified. (0x3)
[1009/102022.094:ERROR:filesystem_win.cc(129)] GetFileAttributes C:\Users\Shivam Chauhan\AppData\Local\Google\Chrome\User Data\Crashpad\attachments\e40d80ac-a017-4aea-a0fd-9621861cef5b: The system cannot find the path specified. (0x3)
[1009/102022.113:ERROR:filesystem_win.cc(129)] GetFileAttributes C:\Users\Shivam Chauhan\AppData\Local\Google\Chrome\User Data\Crashpad\attachments\e60567eb-0f7d-4cbf-900e-835abc696808: The system cannot find the path specified. (0x3)
[1009/102022.142:ERROR:filesystem_win.cc(129)] GetFileAttributes C:\Users\Shivam Chauhan\AppData\Local\Google\Chrome\User Data\Crashpad\attachments\e6f5cede-87d6-4b1b-a4e7-364dc8dc1d68: The system cannot find the path specified. (0x3)
[1009/102022.166:ERROR:filesystem_win.cc(129)] GetFileAttributes C:\Users\Shivam Chauhan\AppData\Local\Google\Chrome\User Data\Crashpad\attachments\e7888eb3-733c-4dca-8efb-fbc316c850e3: The system cannot find the path specified. (0x3)
[1009/102022.169:ERROR:filesystem_win.cc(129)] GetFileAttributes C:\Users\Shivam Chauhan\AppData\Local\Google\Chrome\User Data\Crashpad\attachments\ea8bb6c8-4d47-4d32-9cf6-44f1a280f5fd: The system cannot find the path specified. (0x3)
[1009/102022.171:ERROR:filesystem_win.cc(129)] GetFileAttributes C:\Users\Shivam Chauhan\AppData\Local\Google\Chrome\User Data\Crashpad\attachments\ebe26aa2-3ace-4f89-b3b7-8a38f2a3dece: The system cannot find the path specified. (0x3)
[1009/102022.190:ERROR:filesystem_win.cc(129)] GetFileAttributes C:\Users\Shivam Chauhan\AppData\Local\Google\Chrome\User Data\Crashpad\attachments\ebe2d181-1267-4581-bf23-697556b10f67: The system cannot find the path specified. (0x3)
[1009/102022.224:ERROR:filesystem_win.cc(129)] GetFileAttributes C:\Users\Shivam Chauhan\AppData\Local\Google\Chrome\User Data\Crashpad\attachments\ec1e33b8-4a4f-4770-9195-833f61b63ec2: The system cannot find the path specified. (0x3)
[1009/102022.261:ERROR:filesystem_win.cc(129)] GetFileAttributes C:\Users\Shivam Chauhan\AppData\Local\Google\Chrome\User Data\Crashpad\attachments\ed05fac2-bebc-4806-b489-846571200039: The system cannot find the path specified. (0x3)
[1009/102022.283:ERROR:filesystem_win.cc(129)] GetFileAttributes C:\Users\Shivam Chauhan\AppData\Local\Google\Chrome\User Data\Crashpad\attachments\ed81fcea-f03b-4ee4-8b8a-15f2a58af807: The system cannot find the path specified. (0x3)
[1009/102022.285:ERROR:filesystem_win.cc(129)] GetFileAttributes C:\Users\Shivam Chauhan\AppData\Local\Google\Chrome\User Data\Crashpad\attachments\ef76346f-9ab7-453d-b188-e8f95f389e80: The system cannot find the path specified. (0x3)
[1009/102022.332:ERROR:filesystem_win.cc(129)] GetFileAttributes C:\Users\Shivam Chauhan\AppData\Local\Google\Chrome\User Data\Crashpad\attachments\efc927b2-12e1-4df5-beae-9a9dd5589df5: The system cannot find the path specified. (0x3)
[1009/102022.345:ERROR:filesystem_win.cc(129)] GetFileAttributes C:\Users\Shivam Chauhan\AppData\Local\Google\Chrome\User Data\Crashpad\attachments\f13ff7ca-0810-4989-b654-43d9e78dbd67: The system cannot find the path specified. (0x3)
[1009/102022.347:ERROR:filesystem_win.cc(129)] GetFileAttributes C:\Users\Shivam Chauhan\AppData\Local\Google\Chrome\User Data\Crashpad\attachments\f3c60a31-089e-4781-b615-4cd20344cd6e: The system cannot find the path specified. (0x3)
[1009/102022.350:ERROR:filesystem_win.cc(129)] GetFileAttributes C:\Users\Shivam Chauhan\AppData\Local\Google\Chrome\User Data\Crashpad\attachments\f675d31b-955c-4b09-86e0-1363e18be684: The system cannot find the path specified. (0x3)
[1009/102022.378:ERROR:filesystem_win.cc(129)] GetFileAttributes C:\Users\Shivam Chauhan\AppData\Local\Google\Chrome\User Data\Crashpad\attachments\fac982f7-23e1-4185-89d8-e6c5b53e0afd: The system cannot find the path specified. (0x3)
[1009/102022.380:ERROR:filesystem_win.cc(129)] GetFileAttributes C:\Users\Shivam Chauhan\AppData\Local\Google\Chrome\User Data\Crashpad\attachments\fae89b65-0a44-406f-8cda-5f380223dd25: The system cannot find the path specified. (0x3)
[1009/102022.382:ERROR:filesystem_win.cc(129)] GetFileAttributes C:\Users\Shivam Chauhan\AppData\Local\Google\Chrome\User Data\Crashpad\attachments\fc32f233-77ce-4bcf-99a1-07ff0830c08c: The system cannot find the path specified. (0x3)
[1009/102022.414:ERROR:filesystem_win.cc(129)] GetFileAttributes C:\Users\Shivam Chauhan\AppData\Local\Google\Chrome\User Data\Crashpad\attachments\fed399be-97ba-4f49-a412-eb4a62fef814: The system cannot find the path specified. (0x3)
[1009/102022.415:ERROR:directory_reader_win.cc(43)] FindFirstFile: The system cannot find the path specified. (0x3)
[1015/100824.721:ERROR:directory_reader_win.cc(43)] FindFirstFile: The system cannot find the path specified. (0x3)
[1016/101954.175:ERROR:directory_reader_win.cc(43)] FindFirstFile: The system cannot find the path specified. (0x3)
[1019/100336.888:ERROR:directory_reader_win.cc(43)] FindFirstFile: The system cannot find the path specified. (0x3)
[1020/101100.990:ERROR:directory_reader_win.cc(43)] FindFirstFile: The system cannot find the path specified. (0x3)
[1021/100505.344:ERROR:directory_reader_win.cc(43)] FindFirstFile: The system cannot find the path specified. (0x3)
[1026/100533.264:ERROR:directory_reader_win.cc(43)] FindFirstFile: The system cannot find the path specified. (0x3)
[1026/111814.634:ERROR:directory_reader_win.cc(43)] FindFirstFile: The system cannot find the path specified. (0x3)
[1027/102040.777:ERROR:directory_reader_win.cc(43)] FindFirstFile: The system cannot find the path specified. (0x3)
[1102/101733.639:ERROR:directory_reader_win.cc(43)] FindFirstFile: The system cannot find the path specified. (0x3)
[1105/101756.694:ERROR:directory_reader_win.cc(43)] FindFirstFile: The system cannot find the path specified. (0x3)
[1106/101712.165:ERROR:directory_reader_win.cc(43)] FindFirstFile: The system cannot find the path specified. (0x3)
[1124/101622.207:ERROR:directory_reader_win.cc(43)] FindFirstFile: The system cannot find the path specified. (0x3)
